[ Fusion 360 Drawings - Mon Sep 20 22:13:50 2021  ]----------------------------------------

**** システム変数が変更されました ****
モニタされている 1 個のシステム変数が、推奨値から変更されました。変更内容を確認するには、SYSVARMONITOR コマンドを使用します。

Loading Mechanical modules.....

Loader application completed


コマンド: 
コマンド: 

コマンド: 
コマンド:  JSON:

コマンド:  JSON:

Warning: Unrecognized CustomSmallTextHeight value.

Warning: Unrecognized CustomMediumTextHeight value.

Warning: Unrecognized CustomLargeTextHeight value.
レイアウトを再作図中。
レイアウトを再作図中。
レイアウトを再作図中。
_.REGEN レイアウトを再作図中。
レイアウトを再作図中。

**** システム変数が変更されました ****
モニタされている 3 個のシステム変数が、推奨値から変更されました。変更内容を確認するには、SYSVARMONITOR コマンドを使用します。

コマンド:  JSON:

コマンド:  JSON:
Bad JSON data issued to FD_CMD: {}

コマンド:  JSON:
Bad JSON data issued to FD_CMD: {}

コマンド: 
コマンド: 
コマンド: _VIEWBASE 
モデル ソースを指定 [モデル空間(M)/ファイル(F)] <ファイル>: _S

Autodesk Fusion モデル フォルダのパスを入力: C:/Users/seiya/AppData/Local/Temp/Neutron/FusionFileOutput/57873941-c83a-4e9f-82e5-03ee4b2325e0/

Fusion ソース ファイル名を入力 [デザイン情報(D)]: 1_FullAssembly

種類 = ベースのみ  隠線処理 = 可視線と隠線  尺度 = 1:2
ベース ビューを配置 _T

ビュー作成オプションを入力 [ベースのみ(B)/ベースと投影(P)] <ベースのみ>: _B

ベース ビューを配置 _O

方向を選択 [現在(C)/平面図(T)/下面図(B)/左側面図(L)/右側面図(R)/正面図(F)/背面図(BA)/南西アイソメ(SW)/南東アイソメ(SE)/北東アイソメ(NE)/北西アイソメ(NW)/カスタム(S)] <>: _S

ビュー方向を指定0.00000000,1.00000000,0.00000000

上方ベクトルを指定 または [元に戻す(U)]0.00000000,0.00000000,1.00000000

ベース ビューを配置 
オプションを選択 [リプレゼンテーション(R)/方向(O)/隠線処理(H)/尺度(S)/可視性(V)/移動(M)/終了(X)] <終了>: 

ベース ビューの作成に成功しました。
コマンド: 
コマンド: 
コマンド: _VIEWPROJ

親ビューを選択: 1 個見つかりました
投影ビューを配置または[Enter]を押す
投影ビューを配置または[Enter]を押す
投影ビューを配置または[Enter]を押す
投影ビューを配置または[Enter]を押す

3 個の投影ビューの作成に成功しました。
コマンド: 
コマンド: _.MOVE 認識された数: 1

基点を指定174.528606,132.678178,0.000000 
2 点目を指定します。
コマンド: 
コマンド: _.MOVE 認識された数: 1

基点を指定113.228526,258.564844,0.000000 
2 点目を指定します。
コマンド: 
コマンド: _.MOVE 認識された数: 1

基点を指定306.082709,255.813222,0.000000 
2 点目を指定します。
コマンド: 
コマンド: 
コマンド: _ERASE

オブジェクトを選択: 

コマンド: *キャンセル*

コマンド: 
コマンド: 
コマンド: _ERASE

オブジェクトを選択: 認識された数: 1

オブジェクトを選択: 

**** システム変数が変更されました ****
モニタされている 2 個のシステム変数が、推奨値から変更されました。変更内容を確認するには、SYSVARMONITOR コマンドを使用します。

**** システム変数が変更されました ****
モニタされている 3 個のシステム変数が、推奨値から変更されました。変更内容を確認するには、SYSVARMONITOR コマンドを使用します。

コマンド: 
コマンド: _.MOVE 認識された数: 1

基点を指定307.460239,177.392021,0.000000 
2 点目を指定します。
コマンド: 
コマンド: _.MOVE 認識された数: 1

基点を指定288.174820,258.564844,0.000000 
2 点目を指定します。
コマンド: Saving C:/Users/seiya/AppData/Local/Temp/Neutron/FusionFileOutput/57873941-c83a-4e9f-82e5-03ee4b2325e0/Document1.dwg
