20210501T205846 I Version : 2.0.10148
20210501T205846 I UTC offset : 9
20210501T205846 I Loading configuration from:C:/Users/seiya/AppData/Local/Autodesk/webdeploy/production/9b196c6eb71126665f61dbf5a4b48d188eb6263c/Fusion 360.server.config
20210501T205848 I SLM: device id = 57621587-3832-60f7-3c59-94c9040a3885
20210501T205848 I SLM: Initialized
20210501T205848 I Disk capacity: 242,895MB Disk free: 138,385MB Percentage free: 56 UIThread: no Time: 0.00045s
20210501T205848 I PROXY: WindowsProxyOptionId set to Automatic		ThreadID: 2820, Function: `anonymous-namespace'::logProxyOpIfChanged, Line: 920
20210501T205848 W PROXY: failed to query IE proxy configuration - ﾂプﾂδ債キﾂシﾂの篠ｩﾂ督ｮﾂ構ﾂ青ｬ URL ﾂつｪﾂ個ｩﾂつつｩﾂり慊つｹﾂわ｣逸ｵつｵﾂつｽﾂ。

20210501T205848 I PROXY: proxy server set to DIRECT		ThreadID: 2820, Function: `anonymous-namespace'::logProxyUsedIfChanged, Line: 947
20210501T205848 I ADP - 99596000-8325-41d9-90b4-ad108407254f
20210501T205848 I 	searchAndLoad exec path: C:/Users/seiya/AppData/Local/Autodesk/webdeploy/production/9b196c6eb71126665f61dbf5a4b48d188eb6263c/Fusion360.exe
20210501T205849 I Request(https://ui-dls360.autodesk.com/fusion/version.txt) - workflow: attempt:0 status:200 requestId:
20210501T205849 I Request(https://a360-statusdashboard.s3.amazonaws.com/autodesk_maintenance.json) - workflow:HTTPClient attempt:0 status:200 requestId:f360_HTTPClient__1-608d4278-e38ced36d061479d9e1237ec
20210501T205849 I Request(https://ui-dls360.autodesk.com/fusion/maintenace_services.txt) - workflow:HTTPClient attempt:0 status:200 requestId:f360_HTTPClient__1-608d4279-5ab95f4b4ff746f88c004da2
20210501T205852 I SYNHUB: Loading config files in directory C:/Users/seiya/AppData/Roaming/Autodesk/Synergy

20210501T205852 I SYNHUB: Loading config file C:/Users/seiya/AppData/Roaming/Autodesk/Synergy/NLauncher.syncfg

20210501T205854 I LaunchDarkly client initialization process is finished successfully!		ThreadID: 11184, Function: Ns::LDCSDKWrapper::initLDCallback, Line: 341
20210501T205854 I LD CSDK for type Global was initialized with a total time of 0.000003 seconds		ThreadID: 3432, Function: Ns::CSDKLDFeatureFlagsManager::getFlagValue, Line: 141
20210501T205855 I Load Feature Toggle Xml:C:/Users/seiya/AppData/Local/Autodesk/webdeploy/production/9b196c6eb71126665f61dbf5a4b48d188eb6263c/Fusion/Server/Fusion/Resources/FeatureToggle/FeatureToggle.xml
20210501T205858 I Load Feature Toggle Xml:C:/Users/seiya/AppData/Local/Autodesk/webdeploy/production/9b196c6eb71126665f61dbf5a4b48d188eb6263c/FusionDoc/Server/FusionDoc/Resources/FeatureToggle/FeatureToggle.xml
20210501T205859 I C:\Users\seiya\AppData\Local\Autodesk\webdeploy\production\9b196c6eb71126665f61dbf5a4b48d188eb6263c\Applications\Simulation\SimCommon10.dll		ThreadID: 9144, Function: DllMain, Line: 22
20210501T205859 I Process attach		ThreadID: 9144, Function: DllMain, Line: 23
20210501T205902 I C:\Users\seiya\AppData\Local\Autodesk\webdeploy\production\9b196c6eb71126665f61dbf5a4b48d188eb6263c\Applications\CAM360\SimIdealizations10.dll		ThreadID: 9144, Function: DllMain, Line: 16
20210501T205902 I Process attach		ThreadID: 9144, Function: DllMain, Line: 17
20210501T205905 I Libeagle app mode: Hosted		ThreadID: 9144, Function: void __cdecl Application::cEagleAppPrivate::Init(void), Line: 315
20210501T205908 D ADSK Sample Rules read from XML.
20210501T205908 D DrawingPIMMgrEventsHandler/subscribe: ENTERING
20210501T205908 D DrawingPIMMgrEventsHandler/subscribe: EXITING
20210501T205908 D PIMMgrEventsHandler/subscribe: ENTERING
20210501T205908 D PIMMgrEventsHandler/subscribe: EXITING
20210501T205908 I Toolbar loader: Stopping...
20210501T205908 I Toolbar loader: Stopped
20210501T205908 I ***startSession: BEGIN
20210501T205908 I the maintenance window is OFF
20210501T205908 I getEntitlement
20210501T205908 I authenticate:begin
20210501T205908 I login start
20210501T205949 I ServicesHealthStatus: Health Status changed from unknown to operational
20210501T210021 I ElectronOptionGroup::onReset		ThreadID: 9144, Function: NaElectronUI::ElectronOptionGroup::onReset, Line: 181
20210501T210021 I Going to load toolbar customizations files		ThreadID: 9144, Function: Nu::ToolbarManager::loadCustomization, Line: 426
20210501T210021 I Completed loading toolbar customizations files		ThreadID: 9144, Function: Nu::ToolbarManager::loadCustomization, Line: 428
20210501T210021 I AnalyticItemCounts Terminating with:0 items
20210501T210021 I WorkflowTrackManager Terminating with:0 items
20210501T210021 D PIMMgrEventsHandler/onAuthenticated: ENTERING
20210501T210021 D PIMMgrEventsHandler/onAuthenticated: EXITING
20210501T210021 W Login - Login Dialog Exit
20210501T210021 I Disk capacity: 242,895MB Disk free: 138,373MB Percentage free: 56 UIThread: no Time: 0.00032s
20210501T210022 I Going to load toolbar customizations files		ThreadID: 9144, Function: Nu::ToolbarManager::loadCustomization, Line: 426
20210501T210022 I Completed loading toolbar customizations files		ThreadID: 9144, Function: Nu::ToolbarManager::loadCustomization, Line: 428
20210501T210022 I AnalyticItemCounts Terminating with:0 items
20210501T210022 I AnalyticItemCounts Initialized with:0 items
20210501T210022 I WorkflowTrackManager Terminating with:0 items
20210501T210022 I Workflow start: GetUserAnaticsId 1-608d42d5-350fda6ae3184bbcbd55646d
20210501T210022 I WorkflowTrackManager Initialized with:0 items
20210501T210022 D PIMMgrEventsHandler/onAuthenticated: ENTERING
20210501T210022 D PIMMgrEventsHandler/onAuthenticated: EXITING
20210501T210022 I login end 0
20210501T210022 I Autosave background thread started with saveTime: 5
20210501T210022 I Request(https://js.prd.fusionapi.autodesk.com/fusion360-runtime-config/config.json) - workflow:HTTPClient attempt:0 status:200 requestId:f360_HTTPClient__1-608d42d5-15d4105a15b943bfac040c87
20210501T210022 I SLM: Enabled (Production)
20210501T210022 I SLM: Start session deviceId=57621587-3832-60f7-3c59-94c9040a3885 deviceName=DESKTOP-EAOHTBR
20210501T210022 I Workflow start: SLM_startSession 1-608d42d5-afc937b8670040a59672748a
20210501T210022 I Request(https://accounts.autodesk.com/api/security/v1/analytics/user/TYK7JMNJL5YB) - workflow:GetUserAnaticsId attempt:0 status:200 requestId:f360_GetUserAnaticsId__1-608d42d5-350fda6ae3184bbcbd55646d
20210501T210022 I LaunchDarkly client initialization process is not finished successfully!		ThreadID: 3432, Function: Ns::LDCSDKWrapper::initLDCallback, Line: 345
20210501T210022 I Request(https://f360sc-p-ue1.api.cosv2-p-ue1-dn.autodesk.com/api/v1/sessions) - workflow:SLM_startSession attempt:0 status:200 requestId:f360_SLM_startSession__1-608d42d5-afc937b8670040a59672748a
20210501T210022 I SLM: session = 16689372
